2022-04-29 02:23:56,304 INFO {'id': 'start', 'task': 'Ant-v3', 'num_frame_stack': 4, 'screen_height': 100, 'screen_width': 100, 'algorithm': 'PPO', 'device_id': 2, 'train': {'save_interval': 10, 'tb_log_interval': 5, 'seed': 1234, 'num_workers': 8, 'num_steps': 5, 'num_env_steps': 1000000, 'compute_returns': {'gae_lambda': 0.95, 'gamma': 0.99}, 'algorithm_params': {'clip_param': 0.2, 'ppo_epoch': 4, 'num_mini_batch': 4, 'value_loss_coef': 0.5, 'entropy_coef': 0.01, 'lr': 0.0007, 'eps': 1e-05, 'max_grad_norm': 0.5, 'use_clipped_value_loss': True}, 'logs': {'add_date': False}}}
2022-04-29 02:24:01,108 INFO Number of updates is set to: 25000
2022-04-29 02:24:01,108 INFO Start training time: 1651213441.108039
2022-04-29 02:24:01,355 INFO num update: 0. Saving config.yaml...
2022-04-29 02:24:01,356 INFO num update: 0. Saving checkpoint...
2022-04-29 02:24:03,755 INFO num update: 10. Saving checkpoint...
2022-04-29 02:24:06,178 INFO num update: 20. Saving checkpoint...
2022-04-29 02:24:08,097 INFO num update: 30. Saving checkpoint...
2022-04-29 02:24:10,010 INFO num update: 40. Saving checkpoint...
2022-04-29 02:24:11,970 INFO num update: 50. Saving checkpoint...
2022-04-29 02:24:13,877 INFO num update: 60. Saving checkpoint...
2022-04-29 02:24:16,081 INFO num update: 70. Saving checkpoint...
2022-04-29 02:24:17,985 INFO num update: 80. Saving checkpoint...
2022-04-29 02:24:19,674 INFO num update: 90. Saving checkpoint...
2022-04-29 02:24:21,618 INFO num update: 100. Saving checkpoint...
2022-04-29 02:24:23,547 INFO num update: 110. Saving checkpoint...
2022-04-29 02:24:25,231 INFO num update: 120. Saving checkpoint...
2022-04-29 02:24:27,193 INFO num update: 130. Saving checkpoint...
2022-04-29 02:24:28,986 INFO num update: 140. Saving checkpoint...
2022-04-29 02:24:30,990 INFO num update: 150. Saving checkpoint...
2022-04-29 02:24:32,762 INFO num update: 160. Saving checkpoint...
2022-04-29 02:24:34,873 INFO num update: 170. Saving checkpoint...
2022-04-29 02:24:36,849 INFO num update: 180. Saving checkpoint...
2022-04-29 02:24:38,827 INFO num update: 190. Saving checkpoint...
2022-04-29 02:24:40,775 INFO num update: 200. Saving checkpoint...
2022-04-29 02:24:42,656 INFO num update: 210. Saving checkpoint...
2022-04-29 02:24:44,674 INFO num update: 220. Saving checkpoint...
2022-04-29 02:24:47,038 INFO num update: 230. Saving checkpoint...
2022-04-29 02:24:48,847 INFO num update: 240. Saving checkpoint...
2022-04-29 02:24:51,031 INFO num update: 250. Saving checkpoint...
2022-04-29 02:24:53,257 INFO num update: 260. Saving checkpoint...
2022-04-29 02:24:55,476 INFO num update: 270. Saving checkpoint...
2022-04-29 02:24:57,638 INFO num update: 280. Saving checkpoint...
2022-04-29 02:24:59,538 INFO num update: 290. Saving checkpoint...
2022-04-29 02:25:01,827 INFO num update: 300. Saving checkpoint...
2022-04-29 02:25:03,762 INFO num update: 310. Saving checkpoint...
2022-04-29 02:25:06,229 INFO num update: 320. Saving checkpoint...
2022-04-29 02:25:08,333 INFO num update: 330. Saving checkpoint...
2022-04-29 02:25:10,659 INFO num update: 340. Saving checkpoint...
2022-04-29 02:25:12,897 INFO num update: 350. Saving checkpoint...
2022-04-29 02:25:14,596 INFO num update: 360. Saving checkpoint...
2022-04-29 02:25:16,658 INFO num update: 370. Saving checkpoint...
2022-04-29 02:25:18,609 INFO num update: 380. Saving checkpoint...
2022-04-29 02:25:20,598 INFO num update: 390. Saving checkpoint...
2022-04-29 02:25:22,502 INFO num update: 400. Saving checkpoint...
2022-04-29 02:25:24,512 INFO num update: 410. Saving checkpoint...
2022-04-29 02:25:26,866 INFO num update: 420. Saving checkpoint...
2022-04-29 02:25:29,016 INFO num update: 430. Saving checkpoint...
2022-04-29 02:25:31,313 INFO num update: 440. Saving checkpoint...
2022-04-29 02:25:33,782 INFO num update: 450. Saving checkpoint...
2022-04-29 02:25:36,106 INFO num update: 460. Saving checkpoint...
2022-04-29 02:25:38,574 INFO num update: 470. Saving checkpoint...
2022-04-29 02:25:41,103 INFO num update: 480. Saving checkpoint...
2022-04-29 02:25:43,576 INFO num update: 490. Saving checkpoint...
2022-04-29 02:25:46,127 INFO num update: 500. Saving checkpoint...
2022-04-29 02:25:48,832 INFO num update: 510. Saving checkpoint...
2022-04-29 02:25:51,406 INFO num update: 520. Saving checkpoint...
2022-04-29 02:25:53,916 INFO num update: 530. Saving checkpoint...
2022-04-29 02:25:56,470 INFO num update: 540. Saving checkpoint...
2022-04-29 02:25:58,936 INFO num update: 550. Saving checkpoint...
2022-04-29 02:26:01,305 INFO num update: 560. Saving checkpoint...
2022-04-29 02:26:03,771 INFO num update: 570. Saving checkpoint...
2022-04-29 02:26:06,226 INFO num update: 580. Saving checkpoint...
2022-04-29 02:26:09,397 INFO num update: 590. Saving checkpoint...
2022-04-29 02:26:12,183 INFO num update: 600. Saving checkpoint...
2022-04-29 02:26:15,230 INFO num update: 610. Saving checkpoint...
2022-04-29 02:26:18,160 INFO num update: 620. Saving checkpoint...
2022-04-29 02:26:21,182 INFO num update: 630. Saving checkpoint...
2022-04-29 02:26:24,286 INFO num update: 640. Saving checkpoint...
2022-04-29 02:26:27,469 INFO num update: 650. Saving checkpoint...
2022-04-29 02:26:30,773 INFO num update: 660. Saving checkpoint...
2022-04-29 02:26:33,640 INFO num update: 670. Saving checkpoint...
2022-04-29 02:26:36,176 INFO num update: 680. Saving checkpoint...
2022-04-29 02:26:39,164 INFO num update: 690. Saving checkpoint...
2022-04-29 02:26:42,122 INFO num update: 700. Saving checkpoint...
2022-04-29 02:26:45,040 INFO num update: 710. Saving checkpoint...
2022-04-29 02:26:47,999 INFO num update: 720. Saving checkpoint...
2022-04-29 02:26:50,550 INFO num update: 730. Saving checkpoint...
2022-04-29 02:26:53,301 INFO num update: 740. Saving checkpoint...
2022-04-29 02:26:55,939 INFO num update: 750. Saving checkpoint...
2022-04-29 02:26:58,841 INFO num update: 760. Saving checkpoint...
2022-04-29 02:27:01,675 INFO num update: 770. Saving checkpoint...
2022-04-29 02:27:04,266 INFO num update: 780. Saving checkpoint...
2022-04-29 02:27:07,125 INFO num update: 790. Saving checkpoint...
2022-04-29 02:27:09,204 INFO num update: 800. Saving checkpoint...
2022-04-29 02:27:11,570 INFO num update: 810. Saving checkpoint...
2022-04-29 02:27:13,759 INFO num update: 820. Saving checkpoint...
2022-04-29 02:27:16,461 INFO num update: 830. Saving checkpoint...
2022-04-29 02:27:18,680 INFO num update: 840. Saving checkpoint...
2022-04-29 02:27:20,996 INFO num update: 850. Saving checkpoint...
2022-04-29 02:27:23,599 INFO num update: 860. Saving checkpoint...
2022-04-29 02:27:25,432 INFO num update: 870. Saving checkpoint...
2022-04-29 02:27:27,335 INFO num update: 880. Saving checkpoint...
2022-04-29 02:27:29,358 INFO num update: 890. Saving checkpoint...
2022-04-29 02:27:31,379 INFO num update: 900. Saving checkpoint...
2022-04-29 02:27:33,459 INFO num update: 910. Saving checkpoint...
2022-04-29 02:27:35,453 INFO num update: 920. Saving checkpoint...
2022-04-29 02:27:37,249 INFO num update: 930. Saving checkpoint...
2022-04-29 02:27:39,269 INFO num update: 940. Saving checkpoint...
2022-04-29 02:27:41,088 INFO num update: 950. Saving checkpoint...
2022-04-29 02:27:42,864 INFO num update: 960. Saving checkpoint...
2022-04-29 02:27:44,570 INFO num update: 970. Saving checkpoint...
2022-04-29 02:27:46,444 INFO num update: 980. Saving checkpoint...
2022-04-29 02:27:48,601 INFO num update: 990. Saving checkpoint...
2022-04-29 02:27:50,727 INFO num update: 1000. Saving checkpoint...
2022-04-29 02:27:52,616 INFO num update: 1010. Saving checkpoint...
2022-04-29 02:27:54,485 INFO num update: 1020. Saving checkpoint...
2022-04-29 02:27:56,561 INFO num update: 1030. Saving checkpoint...
2022-04-29 02:27:58,613 INFO num update: 1040. Saving checkpoint...
2022-04-29 02:28:00,295 INFO num update: 1050. Saving checkpoint...
2022-04-29 02:28:02,256 INFO num update: 1060. Saving checkpoint...
2022-04-29 02:28:03,999 INFO num update: 1070. Saving checkpoint...
2022-04-29 02:28:05,890 INFO num update: 1080. Saving checkpoint...
2022-04-29 02:28:07,758 INFO num update: 1090. Saving checkpoint...
2022-04-29 02:28:09,647 INFO num update: 1100. Saving checkpoint...
2022-04-29 02:28:11,771 INFO num update: 1110. Saving checkpoint...
2022-04-29 02:28:13,843 INFO num update: 1120. Saving checkpoint...
2022-04-29 02:28:16,207 INFO num update: 1130. Saving checkpoint...
2022-04-29 02:28:18,290 INFO num update: 1140. Saving checkpoint...
2022-04-29 02:28:20,358 INFO num update: 1150. Saving checkpoint...
2022-04-29 02:28:22,346 INFO num update: 1160. Saving checkpoint...
2022-04-29 02:28:24,334 INFO num update: 1170. Saving checkpoint...
2022-04-29 02:28:27,169 INFO num update: 1180. Saving checkpoint...
2022-04-29 02:28:29,913 INFO num update: 1190. Saving checkpoint...
2022-04-29 02:28:32,721 INFO num update: 1200. Saving checkpoint...
2022-04-29 02:28:35,027 INFO num update: 1210. Saving checkpoint...
2022-04-29 02:28:37,928 INFO num update: 1220. Saving checkpoint...
2022-04-29 02:28:40,921 INFO num update: 1230. Saving checkpoint...
2022-04-29 02:28:43,860 INFO num update: 1240. Saving checkpoint...
2022-04-29 02:28:46,632 INFO num update: 1250. Saving checkpoint...
2022-04-29 02:28:49,601 INFO num update: 1260. Saving checkpoint...
2022-04-29 02:28:52,490 INFO num update: 1270. Saving checkpoint...
2022-04-29 02:28:55,169 INFO num update: 1280. Saving checkpoint...
2022-04-29 02:28:58,197 INFO num update: 1290. Saving checkpoint...
2022-04-29 02:29:00,939 INFO num update: 1300. Saving checkpoint...
2022-04-29 02:29:03,895 INFO num update: 1310. Saving checkpoint...
2022-04-29 02:29:07,017 INFO num update: 1320. Saving checkpoint...
2022-04-29 02:29:09,753 INFO num update: 1330. Saving checkpoint...
2022-04-29 02:29:12,520 INFO num update: 1340. Saving checkpoint...
2022-04-29 02:29:15,633 INFO num update: 1350. Saving checkpoint...
2022-04-29 02:29:18,594 INFO num update: 1360. Saving checkpoint...
2022-04-29 02:29:21,607 INFO num update: 1370. Saving checkpoint...
2022-04-29 02:29:24,604 INFO num update: 1380. Saving checkpoint...
2022-04-29 02:29:27,594 INFO num update: 1390. Saving checkpoint...
2022-04-29 02:29:30,365 INFO num update: 1400. Saving checkpoint...
2022-04-29 02:29:33,300 INFO num update: 1410. Saving checkpoint...
2022-04-29 02:29:36,121 INFO num update: 1420. Saving checkpoint...
2022-04-29 02:29:39,217 INFO num update: 1430. Saving checkpoint...
2022-04-29 02:29:41,751 INFO num update: 1440. Saving checkpoint...
2022-04-29 02:29:43,870 INFO num update: 1450. Saving checkpoint...
2022-04-29 02:29:46,102 INFO num update: 1460. Saving checkpoint...
2022-04-29 02:29:48,825 INFO num update: 1470. Saving checkpoint...
2022-04-29 02:29:51,253 INFO num update: 1480. Saving checkpoint...
2022-04-29 02:29:53,511 INFO num update: 1490. Saving checkpoint...
2022-04-29 02:29:56,027 INFO num update: 1500. Saving checkpoint...
2022-04-29 02:29:58,673 INFO num update: 1510. Saving checkpoint...
2022-04-29 02:30:01,041 INFO num update: 1520. Saving checkpoint...
2022-04-29 02:30:03,797 INFO num update: 1530. Saving checkpoint...
2022-04-29 02:30:06,402 INFO num update: 1540. Saving checkpoint...
2022-04-29 02:30:08,947 INFO num update: 1550. Saving checkpoint...
2022-04-29 02:30:11,449 INFO num update: 1560. Saving checkpoint...
